{"level":"info","message":"::1 - - [28/Dec/2025:12:29:49 +0000] \"POST /p3 HTTP/1.1\" 401 60 \"-\" \"HTTPie\"","service":"super-node-express-api"}
{"level":"info","message":"::1 - - [28/Dec/2025:12:29:50 +0000] \"POST /p3 HTTP/1.1\" 401 60 \"-\" \"HTTPie\"","service":"super-node-express-api"}
{"error":"Invalid JWT form. A JWT consists of three parts separated by dots.","ip":"::1","level":"warn","message":"Invalid Clerk token","path":"/p3","service":"super-node-express-api"}
{"level":"info","message":"::1 - - [28/Dec/2025:12:29:53 +0000] \"POST /p3 HTTP/1.1\" 401 25 \"-\" \"HTTPie\"","service":"super-node-express-api"}
{"level":"info","message":"::1 - - [28/Dec/2025:12:30:10 +0000] \"POST /p3 HTTP/1.1\" 200 2813 \"-\" \"Expo/54.0.6 CFNetwork/3860.100.1 Darwin/25.1.0\"","service":"super-node-express-api"}
{"level":"info","message":"MongoDB Connected: ac-mxfkndv-shard-00-02.axh9n3v.mongodb.net","service":"super-node-express-api"}
{"level":"info","message":"::1 - - [29/Dec/2025:10:16:46 +0000] \"GET /todos HTTP/1.1\" 401 60 \"-\" \"HTTPie\"","service":"super-node-express-api"}
{"error":"Invalid JWT form. A JWT consists of three parts separated by dots.","ip":"::1","level":"warn","message":"Invalid Clerk token","path":"/","service":"super-node-express-api"}
{"level":"info","message":"::1 - - [29/Dec/2025:10:16:52 +0000] \"GET /todos HTTP/1.1\" 401 25 \"-\" \"HTTPie\"","service":"super-node-express-api"}
{"level":"info","message":"::1 - - [29/Dec/2025:10:18:10 +0000] \"GET /todos HTTP/1.1\" 200 12 \"-\" \"HTTPie\"","service":"super-node-express-api"}
{"level":"info","message":"::1 - - [29/Dec/2025:10:18:30 +0000] \"POST /todos HTTP/1.1\" 201 203 \"-\" \"HTTPie\"","service":"super-node-express-api"}
{"level":"info","message":"::1 - - [29/Dec/2025:10:18:37 +0000] \"GET /todos HTTP/1.1\" 200 206 \"-\" \"HTTPie\"","service":"super-node-express-api"}
{"level":"info","message":"MongoDB Connected: ac-mxfkndv-shard-00-00.axh9n3v.mongodb.net","service":"super-node-express-api"}
{"level":"info","message":"::1 - - [29/Dec/2025:10:19:39 +0000] \"POST /todos HTTP/1.1\" 201 205 \"-\" \"HTTPie\"","service":"super-node-express-api"}
{"level":"info","message":"::1 - - [29/Dec/2025:10:19:46 +0000] \"GET /todos HTTP/1.1\" 200 403 \"-\" \"HTTPie\"","service":"super-node-express-api"}
{"error":"JWT is expired. Expiry date: Mon, 29 Dec 2025 10:20:16 GMT, Current date: Mon, 29 Dec 2025 10:20:25 GMT.","ip":"::1","level":"warn","message":"Invalid Clerk token","path":"/695255bb6f954cccd7a8df49","service":"super-node-express-api"}
{"level":"info","message":"::1 - - [29/Dec/2025:10:20:25 +0000] \"PUT /todos/695255bb6f954cccd7a8df49 HTTP/1.1\" 401 25 \"-\" \"HTTPie\"","service":"super-node-express-api"}
{"level":"info","message":"::1 - - [29/Dec/2025:10:20:49 +0000] \"PUT /todos/695255bb6f954cccd7a8df49 HTTP/1.1\" 200 208 \"-\" \"HTTPie\"","service":"super-node-express-api"}
{"level":"info","message":"::1 - - [29/Dec/2025:10:20:56 +0000] \"GET /todos HTTP/1.1\" 200 406 \"-\" \"HTTPie\"","service":"super-node-express-api"}
{"level":"info","message":"::1 - - [29/Dec/2025:10:21:15 +0000] \"DELETE /todos/695255bb6f954cccd7a8df49 HTTP/1.1\" 200 39 \"-\" \"HTTPie\"","service":"super-node-express-api"}
{"level":"info","message":"::1 - - [29/Dec/2025:10:21:21 +0000] \"GET /todos HTTP/1.1\" 200 206 \"-\" \"HTTPie\"","service":"super-node-express-api"}
{"level":"info","message":"::1 - - [29/Dec/2025:10:22:47 +0000] \"GET /todos HTTP/1.1\" 200 206 \"-\" \"HTTPie\"","service":"super-node-express-api"}
{"level":"info","message":"::1 - - [29/Dec/2025:10:23:05 +0000] \"POST /todos HTTP/1.1\" 201 205 \"-\" \"HTTPie\"","service":"super-node-express-api"}
{"level":"info","message":"::1 - - [29/Dec/2025:10:23:12 +0000] \"GET /todos HTTP/1.1\" 200 403 \"-\" \"HTTPie\"","service":"super-node-express-api"}
{"error":"JWT is expired. Expiry date: Mon, 29 Dec 2025 10:23:32 GMT, Current date: Mon, 29 Dec 2025 10:23:43 GMT.","ip":"::1","level":"warn","message":"Invalid Clerk token","path":"/695256896f954cccd7a8df52","service":"super-node-express-api"}
{"level":"info","message":"::1 - - [29/Dec/2025:10:23:43 +0000] \"PUT /todos/695256896f954cccd7a8df52 HTTP/1.1\" 401 25 \"-\" \"HTTPie\"","service":"super-node-express-api"}
{"level":"info","message":"::1 - - [29/Dec/2025:10:24:04 +0000] \"PUT /todos/695256896f954cccd7a8df52 HTTP/1.1\" 200 205 \"-\" \"HTTPie\"","service":"super-node-express-api"}
{"level":"info","message":"::1 - - [29/Dec/2025:10:24:11 +0000] \"GET /todos HTTP/1.1\" 200 403 \"-\" \"HTTPie\"","service":"super-node-express-api"}
{"level":"info","message":"::1 - - [29/Dec/2025:10:24:34 +0000] \"DELETE /todos/695256896f954cccd7a8df52 HTTP/1.1\" 200 39 \"-\" \"HTTPie\"","service":"super-node-express-api"}
{"level":"info","message":"::1 - - [29/Dec/2025:10:24:39 +0000] \"GET /todos HTTP/1.1\" 200 206 \"-\" \"HTTPie\"","service":"super-node-express-api"}
